--- Copying files at Thu Aug 17 10:01:03 UTC 2017
INSTALLED init.groovy.d/tcp-slave-agent-port.groovy
INSTALLED plugins/ace-editor.jpi : 1.1
INSTALLED plugins/analysis-core.jpi : 1.92
INSTALLED plugins/ant.jpi : 1.6
INSTALLED plugins/antisamy-markup-formatter.jpi : 1.5
INSTALLED plugins/authentication-tokens.jpi : 1.3
INSTALLED plugins/bouncycastle-api.jpi : 2.16.2
INSTALLED plugins/branch-api.jpi : 2.0.11
INSTALLED plugins/build-pipeline-plugin.jpi : 1.5.7.1
INSTALLED plugins/build-timeout.jpi : 1.18
INSTALLED plugins/cloudbees-folder.jpi : 6.1.2
INSTALLED plugins/conditional-buildstep.jpi : 1.3.6
INSTALLED plugins/credentials-binding.jpi : 1.13
INSTALLED plugins/credentials.jpi : 2.1.14
INSTALLED plugins/display-url-api.jpi : 2.0
INSTALLED plugins/docker-commons.jpi : 1.8
INSTALLED plugins/docker-slaves.jpi : 1.0.7
INSTALLED plugins/docker-workflow.jpi : 1.12
INSTALLED plugins/durable-task.jpi : 1.14
INSTALLED plugins/email-ext.jpi : 2.58
INSTALLED plugins/envinject-api.jpi : 1.2
INSTALLED plugins/envinject.jpi : 2.1.3
INSTALLED plugins/external-monitor-job.jpi : 1.7
INSTALLED plugins/findbugs.jpi : 4.71
INSTALLED plugins/git-client.jpi : 2.5.0
INSTALLED plugins/git-server.jpi : 1.7
INSTALLED plugins/git.jpi : 3.5.1
INSTALLED plugins/github-api.jpi : 1.86
INSTALLED plugins/github-branch-source.jpi : 2.2.3
INSTALLED plugins/github-organization-folder.jpi : 1.6
INSTALLED plugins/github.jpi : 1.28.0
INSTALLED plugins/gradle.jpi : 1.27.1
INSTALLED plugins/handlebars.jpi : 1.1.1
INSTALLED plugins/icon-shim.jpi : 2.0.3
INSTALLED plugins/jackson2-api.jpi : 2.7.3
INSTALLED plugins/javadoc.jpi : 1.4
INSTALLED plugins/jquery-detached.jpi : 1.2.1
INSTALLED plugins/jquery.jpi : 1.11.2-0
INSTALLED plugins/junit.jpi : 1.21
INSTALLED plugins/ldap.jpi : 1.16
INSTALLED plugins/mailer.jpi : 1.20
INSTALLED plugins/mapdb-api.jpi : 1.0.9.0
INSTALLED plugins/matrix-auth.jpi : 1.7
INSTALLED plugins/matrix-project.jpi : 1.11
INSTALLED plugins/maven-plugin.jpi : 2.17
INSTALLED plugins/momentjs.jpi : 1.1.1
INSTALLED plugins/pam-auth.jpi : 1.3
INSTALLED plugins/parameterized-trigger.jpi : 2.35.1
INSTALLED plugins/pipeline-build-step.jpi : 2.5.1
INSTALLED plugins/pipeline-github-lib.jpi : 1.0
INSTALLED plugins/pipeline-graph-analysis.jpi : 1.5
INSTALLED plugins/pipeline-input-step.jpi : 2.8
INSTALLED plugins/pipeline-milestone-step.jpi : 1.3.1
INSTALLED plugins/pipeline-model-api.jpi : 1.1.9
INSTALLED plugins/pipeline-model-declarative-agent.jpi : 1.1.1
INSTALLED plugins/pipeline-model-definition.jpi : 1.1.9
INSTALLED plugins/pipeline-model-extensions.jpi : 1.1.9
INSTALLED plugins/pipeline-rest-api.jpi : 2.8
INSTALLED plugins/pipeline-stage-step.jpi : 2.2
INSTALLED plugins/pipeline-stage-tags-metadata.jpi : 1.1.9
INSTALLED plugins/pipeline-stage-view.jpi : 2.8
INSTALLED plugins/pipeline-utility-steps.jpi : 1.4.0
INSTALLED plugins/plain-credentials.jpi : 1.4
INSTALLED plugins/resource-disposer.jpi : 0.7
INSTALLED plugins/run-condition.jpi : 1.0
INSTALLED plugins/scm-api.jpi : 2.2.0
INSTALLED plugins/script-security.jpi : 1.33
INSTALLED plugins/sonar.jpi : 2.6.1
INSTALLED plugins/ssh-credentials.jpi : 1.13
INSTALLED plugins/ssh-slaves.jpi : 1.20
INSTALLED plugins/structs.jpi : 1.10
INSTALLED plugins/subversion.jpi : 2.9
INSTALLED plugins/swarm.jpi : 3.4
INSTALLED plugins/timestamper.jpi : 1.8.8
INSTALLED plugins/token-macro.jpi : 2.1
INSTALLED plugins/windows-slaves.jpi : 1.3.1
INSTALLED plugins/workflow-aggregator.jpi : 2.5
INSTALLED plugins/workflow-api.jpi : 2.20
INSTALLED plugins/workflow-basic-steps.jpi : 2.6
INSTALLED plugins/workflow-cps-global-lib.jpi : 2.8
INSTALLED plugins/workflow-cps.jpi : 2.39
INSTALLED plugins/workflow-durable-task-step.jpi : 2.13
INSTALLED plugins/workflow-job.jpi : 2.11.2
INSTALLED plugins/workflow-multibranch.jpi : 2.16
INSTALLED plugins/workflow-scm-step.jpi : 2.5
INSTALLED plugins/workflow-step-api.jpi : 2.12
INSTALLED plugins/workflow-support.jpi : 2.14
INSTALLED plugins/ws-cleanup.jpi : 0.34
--- Copying files at Fri Aug 18 09:51:03 UTC 2017
--- Copying files at Fri Aug 18 09:52:06 UTC 2017
--- Copying files at Fri Aug 18 09:55:13 UTC 2017
--- Copying files at Thu Aug 24 01:34:57 UTC 2017
--- Copying files at Thu Aug 24 01:44:56 UTC 2017
--- Copying files at Thu Aug 24 01:48:14 UTC 2017
--- Copying files at Thu Aug 24 02:01:38 UTC 2017
